npm WARN package.json bitshares-ticker@1.0.0 No repository field.
npm WARN package.json bitshares-ticker@1.0.0 No repository field.
npm ERR! Linux 2.6.32-504.23.4.el6.x86_64
npm ERR! argv "/usr/local/n/versions/io/3.3.1/bin/iojs" "/usr/local/n/versions/io/3.3.1/bin/npm" "install" "--production"
npm ERR! node v3.3.1
npm ERR! npm  v2.14.3
npm ERR! code ETARGET

npm ERR! notarget No compatible version found: socket.io@'>=1.4.6 <2.0.0'
npm ERR! notarget Valid install targets:
npm ERR! notarget ["0.3.8","0.4.0","0.4.1","0.5.1","0.5.3","0.6.0","0.6.1","0.6.3","0.6.4","0.6.5","0.6.6","0.6.7","0.6.8","0.6.9","0.6.10","0.6.11","0.6.12","0.6.14","0.6.15","0.6.16","0.6.17","0.6.18","0.7.0","0.7.1","0.7.2","0.7.3","0.7.4","0.7.5","0.7.6","0.7.7","0.7.8","0.7.9","0.7.10","0.7.11","0.8.0","0.8.1","0.8.2","0.8.3","0.8.4","0.8.5","0.8.6","0.8.7","0.9.0","0.9.1","0.9.1-1","0.9.2","0.9.3","0.9.4","0.9.5","0.9.6","0.9.7","0.9.8","0.9.9","0.9.10","0.9.11","0.9.12","0.9.13","0.9.14","0.9.15","0.9.16","1.0.0-pre","1.0.0-pre2","1.0.0-pre3","1.0.0-pre4","1.0.0-pre5","0.9.17","1.0.0","1.0.1","1.0.2","1.0.3","1.0.4","1.0.5","1.0.6","1.1.0","1.2.0","1.2.1","1.3.0","1.3.1","1.3.2","1.3.3","1.3.4","1.3.5","1.3.6","1.3.7","1.4.0","1.4.1","1.4.2","1.4.3","1.4.4","1.4.5"]
npm ERR! notarget 
npm ERR! notarget This is most likely not a problem with npm itself.
npm ERR! notarget In most cases you or one of your dependencies are requesting
npm ERR! notarget a package version that doesn't exist.
npm ERR! notarget 
npm ERR! notarget It was specified as a dependency of 'bitshares-ticker'
npm ERR! notarget 

npm ERR! Please include the following file with any support request:
npm ERR!     /data/www/ecd6a08763eae1bb12c9b395811c802f/first-data/npm-debug.log
npm WARN package.json bitshares-ticker@1.0.0 No repository field.
npm ERR! Linux 2.6.32-504.23.4.el6.x86_64
npm ERR! argv "/usr/local/n/versions/io/3.3.1/bin/iojs" "/usr/local/n/versions/io/3.3.1/bin/npm" "install" "--production"
npm ERR! node v3.3.1
npm ERR! npm  v2.14.3
npm ERR! code ETARGET

npm ERR! notarget No compatible version found: socket.io@'>=1.4.6 <2.0.0'
npm ERR! notarget Valid install targets:
npm ERR! notarget ["0.3.8","0.4.0","0.4.1","0.5.1","0.5.3","0.6.0","0.6.1","0.6.3","0.6.4","0.6.5","0.6.6","0.6.7","0.6.8","0.6.9","0.6.10","0.6.11","0.6.12","0.6.14","0.6.15","0.6.16","0.6.17","0.6.18","0.7.0","0.7.1","0.7.2","0.7.3","0.7.4","0.7.5","0.7.6","0.7.7","0.7.8","0.7.9","0.7.10","0.7.11","0.8.0","0.8.1","0.8.2","0.8.3","0.8.4","0.8.5","0.8.6","0.8.7","0.9.0","0.9.1","0.9.1-1","0.9.2","0.9.3","0.9.4","0.9.5","0.9.6","0.9.7","0.9.8","0.9.9","0.9.10","0.9.11","0.9.12","0.9.13","0.9.14","0.9.15","0.9.16","1.0.0-pre","1.0.0-pre2","1.0.0-pre3","1.0.0-pre4","1.0.0-pre5","0.9.17","1.0.0","1.0.1","1.0.2","1.0.3","1.0.4","1.0.5","1.0.6","1.1.0","1.2.0","1.2.1","1.3.0","1.3.1","1.3.2","1.3.3","1.3.4","1.3.5","1.3.6","1.3.7","1.4.0","1.4.1","1.4.2","1.4.3","1.4.4","1.4.5"]
npm ERR! notarget 
npm ERR! notarget This is most likely not a problem with npm itself.
npm ERR! notarget In most cases you or one of your dependencies are requesting
npm ERR! notarget a package version that doesn't exist.
npm ERR! notarget 
npm ERR! notarget It was specified as a dependency of 'bitshares-ticker'
npm ERR! notarget 

npm ERR! Please include the following file with any support request:
npm ERR!     /data/www/ecd6a08763eae1bb12c9b395811c802f/first-data/npm-debug.log
npm WARN package.json bitshares-ticker@1.0.0 No repository field.
npm ERR! Linux 2.6.32-504.23.4.el6.x86_64
npm ERR! argv "/usr/local/n/versions/io/3.3.1/bin/iojs" "/usr/local/n/versions/io/3.3.1/bin/npm" "install" "--production"
npm ERR! node v3.3.1
npm ERR! npm  v2.14.3
npm ERR! code ETARGET

npm ERR! notarget No compatible version found: socket.io@'>=1.4.6 <2.0.0'
npm ERR! notarget Valid install targets:
npm ERR! notarget ["0.3.8","0.4.0","0.4.1","0.5.1","0.5.3","0.6.0","0.6.1","0.6.3","0.6.4","0.6.5","0.6.6","0.6.7","0.6.8","0.6.9","0.6.10","0.6.11","0.6.12","0.6.14","0.6.15","0.6.16","0.6.17","0.6.18","0.7.0","0.7.1","0.7.2","0.7.3","0.7.4","0.7.5","0.7.6","0.7.7","0.7.8","0.7.9","0.7.10","0.7.11","0.8.0","0.8.1","0.8.2","0.8.3","0.8.4","0.8.5","0.8.6","0.8.7","0.9.0","0.9.1","0.9.1-1","0.9.2","0.9.3","0.9.4","0.9.5","0.9.6","0.9.7","0.9.8","0.9.9","0.9.10","0.9.11","0.9.12","0.9.13","0.9.14","0.9.15","0.9.16","1.0.0-pre","1.0.0-pre2","1.0.0-pre3","1.0.0-pre4","1.0.0-pre5","0.9.17","1.0.0","1.0.1","1.0.2","1.0.3","1.0.4","1.0.5","1.0.6","1.1.0","1.2.0","1.2.1","1.3.0","1.3.1","1.3.2","1.3.3","1.3.4","1.3.5","1.3.6","1.3.7","1.4.0","1.4.1","1.4.2","1.4.3","1.4.4","1.4.5"]
npm ERR! notarget 
npm ERR! notarget This is most likely not a problem with npm itself.
npm ERR! notarget In most cases you or one of your dependencies are requesting
npm ERR! notarget a package version that doesn't exist.
npm ERR! notarget 
npm ERR! notarget It was specified as a dependency of 'bitshares-ticker'
npm ERR! notarget 

npm ERR! Please include the following file with any support request:
npm ERR!     /data/www/ecd6a08763eae1bb12c9b395811c802f/first-data/npm-debug.log
npm WARN package.json bitshares-ticker@1.0.0 No repository field.
npm WARN engine cryptiles@3.0.0: wanted: {"node":">=4.0.0"} (current: {"node":"3.3.1","npm":"2.14.3"})
npm WARN engine boom@3.1.2: wanted: {"node":">=4.0.0"} (current: {"node":"3.3.1","npm":"2.14.3"})
npm WARN engine hoek@3.0.4: wanted: {"node":">=4.0.0"} (current: {"node":"3.3.1","npm":"2.14.3"})
npm WARN engine sntp@2.0.0: wanted: {"node":">=4.0.0"} (current: {"node":"3.3.1","npm":"2.14.3"})
base64id@0.1.0 node_modules/base64id

to-array@0.1.4 node_modules/to-array

indexof@0.0.1 node_modules/indexof

nonce@1.0.3 node_modules/nonce

component-bind@1.0.0 node_modules/component-bind

delayed-stream@1.0.0 node_modules/delayed-stream

path@0.11.14 node_modules/path

component-emitter@1.2.0 node_modules/component-emitter

backo2@1.0.2 node_modules/backo2

assert-plus@1.0.0 node_modules/assert-plus

isarray@1.0.0 node_modules/isarray

cryptiles@3.0.0 node_modules/cryptiles

react-dom@0.14.7 node_modules/react-dom

classnames@2.2.3 node_modules/classnames

sntp@2.0.0 node_modules/sntp

json3@3.3.2 node_modules/json3

pinkie-promise@2.0.0 node_modules/pinkie-promise
└── pinkie@2.0.4

boom@3.1.2 node_modules/boom

twitter@1.2.5 node_modules/twitter
└── deep-extend@0.3.3

async@1.5.2 node_modules/async

parseuri@0.0.4 node_modules/parseuri
└── better-assert@1.0.2 (callsite@1.0.0)

hoek@3.0.4 node_modules/hoek

koa-route@2.4.2 node_modules/koa-route
├── methods@1.1.2
├── path-to-regexp@1.2.1 (isarray@0.0.1)
└── debug@2.2.0 (ms@0.7.1)

follow-redirects@0.0.7 node_modules/follow-redirects
├── stream-consume@0.1.0
└── debug@2.2.0 (ms@0.7.1)

readable-stream@2.0.5 node_modules/readable-stream
├── process-nextick-args@1.0.6
├── isarray@0.0.1
├── inherits@2.0.1
├── util-deprecate@1.0.2
├── string_decoder@0.10.31
└── core-util-is@1.0.2

ws@1.0.1 node_modules/ws
├── options@0.0.6
└── ultron@1.0.2

engine.io-parser@1.2.4 node_modules/engine.io-parser
├── arraybuffer.slice@0.0.6
├── blob@0.0.4
├── after@0.8.1
├── base64-arraybuffer@0.1.2
├── utf8@2.1.0
└── has-binary@0.1.6 (isarray@0.0.1)

accepts@1.3.1 node_modules/accepts
├── negotiator@0.6.0
└── mime-types@2.1.9 (mime-db@1.21.0)

jsprim@1.2.2 node_modules/jsprim
├── extsprintf@1.0.2
├── verror@1.3.6
└── json-schema@0.2.2

node-tweet-stream@1.10.0 node_modules/node-tweet-stream
├── split@0.3.3 (through@2.3.8)
└── event-stream@3.1.7 (stream-combiner@0.0.4, duplexer@0.1.1, from@0.1.3, pause-stream@0.0.11, map-stream@0.1.0, split@0.2.10, through@2.3.8)

koa@0.21.0 node_modules/koa
├── error-inject@1.0.0
├── koa-compose@2.3.0
├── escape-html@1.0.3
├── destroy@1.0.4
├── koa-is-json@1.0.0
├── fresh@0.3.0
├── only@0.0.2
├── vary@1.1.0
├── parseurl@1.3.1
├── statuses@1.2.1
├── content-type@1.0.1
├── co@4.6.0
├── delegates@0.1.0
├── content-disposition@0.5.1
├── http-errors@1.4.0 (inherits@2.0.1)
├── composition@2.2.1 (native-or-bluebird@1.2.0)
├── on-finished@2.3.0 (ee-first@1.1.1)
├── debug@2.2.0 (ms@0.7.1)
├── type-is@1.6.11 (media-typer@0.3.0)
├── cookies@0.5.1 (keygrip@1.0.1)
├── http-assert@1.1.1 (deep-equal@1.0.1, http-errors@1.3.1)
└── mime-types@2.1.9 (mime-db@1.21.0)

is-my-json-valid@2.12.4 node_modules/is-my-json-valid
├── jsonpointer@2.0.0
├── generate-function@2.0.0
├── xtend@4.0.1
└── generate-object-property@1.2.0 (is-property@1.0.2)

engine.io-client@1.6.8 node_modules/engine.io-client
├── yeast@0.1.2
├── component-inherit@0.0.3
├── component-emitter@1.1.2
├── has-cors@1.1.0
├── xmlhttprequest-ssl@1.5.1
├── debug@2.2.0 (ms@0.7.1)
├── parseqs@0.0.2 (better-assert@1.0.2)
└── parsejson@0.0.1 (better-assert@1.0.2)

sshpk@1.7.3 node_modules/sshpk
├── assert-plus@0.2.0
├── ecc-jsbn@0.1.1
├── jsbn@0.1.0
├── asn1@0.2.3
├── dashdash@1.12.2
├── jodid25519@1.0.2
└── tweetnacl@0.13.3

koa-static-cache@3.1.4 node_modules/koa-static-cache
├── fs-readdir-recursive@1.0.0
├── debug@2.2.0 (ms@0.7.1)
├── mime-types@2.1.9 (mime-db@1.21.0)
├── compressible@2.0.7 (mime-db@1.21.0)
└── mz@2.1.0 (object-assign@4.0.1, native-or-bluebird@1.2.0, thenify-all@1.6.0)

winston@1.1.2 node_modules/winston
├── cycle@1.0.3
├── stack-trace@0.0.9
├── eyes@0.1.8
├── isstream@0.1.2
├── pkginfo@0.3.1
├── async@1.0.0
└── colors@1.0.3

socket.io@1.4.5 node_modules/socket.io
├── has-binary@0.1.7 (isarray@0.0.1)
├── debug@2.2.0 (ms@0.7.1)
├── socket.io-client@1.4.5 (object-component@0.0.3)
├── socket.io-parser@2.2.6 (isarray@0.0.1, component-emitter@1.1.2, benchmark@1.0.0)
├── engine.io@1.6.8 (accepts@1.1.4)
└── socket.io-adapter@0.4.0 (socket.io-parser@2.2.2)

co-views@1.0.0 node_modules/co-views
├── utils-merge@1.0.0
├── debug@2.2.0 (ms@0.7.1)
└── co-render@0.2.0 (consolidate@0.13.1)

request@2.69.0 node_modules/request
├── is-typedarray@1.0.0
├── combined-stream@1.0.5
├── aws-sign2@0.6.0
├── forever-agent@0.6.1
├── caseless@0.11.0
├── stringstream@0.0.5
├── tunnel-agent@0.4.2
├── form-data@1.0.0-rc3
├── oauth-sign@0.8.1
├── isstream@0.1.2
├── json-stringify-safe@5.0.1
├── extend@3.0.0
├── bl@1.0.2
├── node-uuid@1.4.7
├── qs@6.0.2
├── http-signature@1.1.1 (assert-plus@0.2.0)
├── aws4@1.2.1 (lru-cache@2.7.3)
├── mime-types@2.1.9 (mime-db@1.21.0)
├── tough-cookie@2.2.1
├── har-validator@2.0.6 (commander@2.9.0, chalk@1.1.1)
└── hawk@3.1.3 (cryptiles@2.0.5, sntp@1.0.9, boom@2.10.1, hoek@2.16.3)

swig@1.4.2 node_modules/swig
├── optimist@0.6.1 (wordwrap@0.0.3, minimist@0.0.10)
└── uglify-js@2.4.24 (uglify-to-browserify@1.0.2, async@0.2.10, source-map@0.1.34, yargs@3.5.4)

react-slick@0.9.3 node_modules/react-slick
├── object-assign@2.1.1
├── json2mq@0.2.0 (string-convert@0.2.1)
├── react-responsive-mixin@0.3.5 (can-use-dom@0.1.0, enquire.js@2.1.1)
└── slick-carousel@1.5.9 (jquery@2.2.0)

react@0.14.7 node_modules/react
├── envify@3.4.0 (through@2.3.8, jstransform@10.1.0)
└── fbjs@0.6.1 (whatwg-fetch@0.9.0, ua-parser-js@0.7.10, loose-envify@1.1.0, promise@7.1.1, core-js@1.2.6)
